# JRE version: Java(TM) SE Runtime Environment (21.0.2+13) (build 21.0.2+13-LTS-58)
# Java VM: Java HotSpot(TM) 64-Bit Server VM (21.0.2+13-LTS-58, mixed mode, sharing, tiered, compressed oops, compressed class ptrs, g1 gc, windows-amd64)
GC Precious Log:
 CardTable entry size: 512
 Card Set container configuration: InlinePtr #cards 5 size 8 Array Of Cards #cards 12 size 40 Howl #buckets 4 coarsen threshold 1843 Howl Bitmap #cards 512 size 80 coarsen threshold 460 Card regions per heap region 1 cards per card region 2048
 CPUs: 4 total, 4 available
 Memory: 8088M
 Large Page Support: Disabled
 NUMA Support: Disabled
 Compressed Oops: Enabled (32-bit)
 Heap Region Size: 1M
 Heap Min Capacity: 8M
 Heap Initial Capacity: 128M
 Heap Max Capacity: 2024M
 Pre-touch: Disabled
 Parallel Workers: 4
 Concurrent Workers: 1
 Concurrent Refinement Workers: 4
 Periodic GC: Disabled
Heap:
 garbage-first heap   total 79872K, used 45206K [0x0000000081800000, 0x0000000100000000)
  region size 1024K, 7 young (7168K), 1 survivors (1024K)
 Metaspace       used 81928K, committed 82816K, reserved 1179648K
  class space    used 10998K, committed 11392K, reserved 1048576K
GC Heap History (20 events):
Event: 52.323 GC heap before
{Heap before GC invocations=22 (full 0):
 garbage-first heap   total 51200K, used 42490K [0x0000000081800000, 0x0000000100000000)
  region size 1024K, 17 young (17408K), 3 survivors (3072K)
 Metaspace       used 66472K, committed 67136K, reserved 1114112K
  class space    used 8773K, committed 9088K, reserved 1048576K
}
Event: 52.334 GC heap after
{Heap after GC invocations=23 (full 0):
 garbage-first heap   total 51200K, used 29634K [0x0000000081800000, 0x0000000100000000)
  region size 1024K, 2 young (2048K), 2 survivors (2048K)
 Metaspace       used 66472K, committed 67136K, reserved 1114112K
  class space    used 8773K, committed 9088K, reserved 1048576K
}
Event: 54.741 GC heap before
{Heap before GC invocations=24 (full 0):
 garbage-first heap   total 53248K, used 43970K [0x0000000081800000, 0x0000000100000000)
  region size 1024K, 16 young (16384K), 2 survivors (2048K)
 Metaspace       used 70128K, committed 70912K, reserved 1114112K
  class space    used 9360K, committed 9728K, reserved 1048576K
}
Event: 54.748 GC heap after
{Heap after GC invocations=25 (full 0):
 garbage-first heap   total 53248K, used 30476K [0x0000000081800000, 0x0000000100000000)
  region size 1024K, 2 young (2048K), 2 survivors (2048K)
 Metaspace       used 70128K, committed 70912K, reserved 1114112K
  class space    used 9360K, committed 9728K, reserved 1048576K
}
Event: 55.824 GC heap before
{Heap before GC invocations=25 (full 0):
 garbage-first heap   total 53248K, used 45836K [0x0000000081800000, 0x0000000100000000)
  region size 1024K, 17 young (17408K), 2 survivors (2048K)
 Metaspace       used 71987K, committed 72768K, reserved 1114112K
  class space    used 9528K, committed 9856K, reserved 1048576K
}
Event: 55.838 GC heap after
{Heap after GC invocations=26 (full 0):
 garbage-first heap   total 53248K, used 31742K [0x0000000081800000, 0x0000000100000000)
  region size 1024K, 3 young (3072K), 3 survivors (3072K)
 Metaspace       used 71987K, committed 72768K, reserved 1114112K
  class space    used 9528K, committed 9856K, reserved 1048576K
}
Event: 56.771 GC heap before
{Heap before GC invocations=26 (full 0):
 garbage-first heap   total 53248K, used 45054K [0x0000000081800000, 0x0000000100000000)
  region size 1024K, 16 young (16384K), 3 survivors (3072K)
 Metaspace       used 74019K, committed 74688K, reserved 1114112K
  class space    used 9862K, committed 10176K, reserved 1048576K
}
Event: 56.785 GC heap after
{Heap after GC invocations=27 (full 0):
 garbage-first heap   total 53248K, used 32967K [0x0000000081800000, 0x0000000100000000)
  region size 1024K, 2 young (2048K), 2 survivors (2048K)
 Metaspace       used 74019K, committed 74688K, reserved 1114112K
  class space    used 9862K, committed 10176K, reserved 1048576K
}
Event: 58.805 GC heap before
{Heap before GC invocations=28 (full 0):
 garbage-first heap   total 58368K, used 46279K [0x0000000081800000, 0x0000000100000000)
  region size 1024K, 15 young (15360K), 2 survivors (2048K)
 Metaspace       used 74753K, committed 75520K, reserved 1114112K
  class space    used 9982K, committed 10304K, reserved 1048576K
}
Event: 58.815 GC heap after
{Heap after GC invocations=29 (full 0):
 garbage-first heap   total 58368K, used 34104K [0x0000000081800000, 0x0000000100000000)
  region size 1024K, 2 young (2048K), 2 survivors (2048K)
 Metaspace       used 74753K, committed 75520K, reserved 1114112K
  class space    used 9982K, committed 10304K, reserved 1048576K
}
Event: 61.283 GC heap before
{Heap before GC invocations=29 (full 0):
 garbage-first heap   total 58368K, used 50488K [0x0000000081800000, 0x0000000100000000)
  region size 1024K, 18 young (18432K), 2 survivors (2048K)
 Metaspace       used 75461K, committed 76224K, reserved 1179648K
  class space    used 10077K, committed 10432K, reserved 1048576K
}
Event: 61.297 GC heap after
{Heap after GC invocations=30 (full 0):
 garbage-first heap   total 58368K, used 35278K [0x0000000081800000, 0x0000000100000000)
  region size 1024K, 3 young (3072K), 3 survivors (3072K)
 Metaspace       used 75461K, committed 76224K, reserved 1179648K
  class space    used 10077K, committed 10432K, reserved 1048576K
}
Event: 62.936 GC heap before
{Heap before GC invocations=30 (full 0):
 garbage-first heap   total 58368K, used 50638K [0x0000000081800000, 0x0000000100000000)
  region size 1024K, 18 young (18432K), 3 survivors (3072K)
 Metaspace       used 76485K, committed 77184K, reserved 1179648K
  class space    used 10222K, committed 10560K, reserved 1048576K
}
Event: 62.952 GC heap after
{Heap after GC invocations=31 (full 0):
 garbage-first heap   total 58368K, used 36488K [0x0000000081800000, 0x0000000100000000)
  region size 1024K, 3 young (3072K), 3 survivors (3072K)
 Metaspace       used 76485K, committed 77184K, reserved 1179648K
  class space    used 10222K, committed 10560K, reserved 1048576K
}
Event: 64.307 GC heap before
{Heap before GC invocations=32 (full 0):
 garbage-first heap   total 66560K, used 49800K [0x0000000081800000, 0x0000000100000000)
  region size 1024K, 16 young (16384K), 3 survivors (3072K)
 Metaspace       used 77179K, committed 77952K, reserved 1179648K
  class space    used 10331K, committed 10688K, reserved 1048576K
}
Event: 64.323 GC heap after
{Heap after GC invocations=33 (full 0):
 garbage-first heap   total 66560K, used 37479K [0x0000000081800000, 0x0000000100000000)
  region size 1024K, 1 young (1024K), 1 survivors (1024K)
 Metaspace       used 77179K, committed 77952K, reserved 1179648K
  class space    used 10331K, committed 10688K, reserved 1048576K
}
Event: 65.756 GC heap before
{Heap before GC invocations=33 (full 0):
 garbage-first heap   total 66560K, used 61031K [0x0000000081800000, 0x0000000100000000)
  region size 1024K, 24 young (24576K), 1 survivors (1024K)
 Metaspace       used 78135K, committed 78912K, reserved 1179648K
  class space    used 10464K, committed 10816K, reserved 1048576K
}
Event: 65.784 GC heap after
{Heap after GC invocations=34 (full 0):
 garbage-first heap   total 66560K, used 39253K [0x0000000081800000, 0x0000000100000000)
  region size 1024K, 3 young (3072K), 3 survivors (3072K)
 Metaspace       used 78135K, committed 78912K, reserved 1179648K
  class space    used 10464K, committed 10816K, reserved 1048576K
}
Event: 230.810 GC heap before
{Heap before GC invocations=34 (full 0):
 garbage-first heap   total 66560K, used 58709K [0x0000000081800000, 0x0000000100000000)
  region size 1024K, 22 young (22528K), 3 survivors (3072K)
 Metaspace       used 80558K, committed 81408K, reserved 1179648K
  class space    used 10795K, committed 11200K, reserved 1048576K
}
Event: 230.827 GC heap after
{Heap after GC invocations=35 (full 0):
 garbage-first heap   total 79872K, used 40086K [0x0000000081800000, 0x0000000100000000)
  region size 1024K, 1 young (1024K), 1 survivors (1024K)
 Metaspace       used 80558K, committed 81408K, reserved 1179648K
  class space    used 10795K, committed 11200K, reserved 1048576K
}

