# JRE version: OpenJDK Runtime Environment Temurin-17.0.11+9 (17.0.11+9) (build 17.0.11+9)
# Java VM: OpenJDK 64-Bit Server VM Temurin-17.0.11+9 (17.0.11+9, mixed mode, emulated-client, tiered, compressed oops, compressed class ptrs, g1 gc, windows-amd64)
GC Precious Log:
 CPUs: 4 total, 4 available
 Memory: 8088M
 Large Page Support: Disabled
 NUMA Support: Disabled
 Compressed Oops: Enabled (32-bit)
 Heap Region Size: 1M
 Heap Min Capacity: 8M
 Heap Initial Capacity: 128M
 Heap Max Capacity: 1G
 Pre-touch: Disabled
 Parallel Workers: 4
 Concurrent Workers: 1
 Concurrent Refinement Workers: 4
 Periodic GC: Disabled
Heap:
 garbage-first heap   total 153600K, used 45274K [0x00000000c0000000, 0x0000000100000000)
  region size 1024K, 1 young (1024K), 0 survivors (0K)
 Metaspace       used 65344K, committed 66112K, reserved 1114112K
  class space    used 8062K, committed 8384K, reserved 1048576K
GC Heap History (20 events):
Event: 1179.219 GC heap after
{Heap after GC invocations=67 (full 29):
 garbage-first heap   total 111616K, used 54592K [0x00000000c0000000, 0x0000000100000000)
  region size 1024K, 4 young (4096K), 4 survivors (4096K)
 Metaspace       used 64942K, committed 65472K, reserved 1114112K
  class space    used 8000K, committed 8256K, reserved 1048576K
}
Event: 1179.232 GC heap before
{Heap before GC invocations=67 (full 29):
 garbage-first heap   total 111616K, used 55616K [0x00000000c0000000, 0x0000000100000000)
  region size 1024K, 5 young (5120K), 4 survivors (4096K)
 Metaspace       used 64942K, committed 65472K, reserved 1114112K
  class space    used 8000K, committed 8256K, reserved 1048576K
}
Event: 1179.244 GC heap after
{Heap after GC invocations=68 (full 29):
 garbage-first heap   total 111616K, used 54095K [0x00000000c0000000, 0x0000000100000000)
  region size 1024K, 1 young (1024K), 1 survivors (1024K)
 Metaspace       used 64942K, committed 65472K, reserved 1114112K
  class space    used 8000K, committed 8256K, reserved 1048576K
}
Event: 1214.423 GC heap before
{Heap before GC invocations=68 (full 29):
 garbage-first heap   total 111616K, used 82767K [0x00000000c0000000, 0x0000000100000000)
  region size 1024K, 30 young (30720K), 1 survivors (1024K)
 Metaspace       used 65114K, committed 65600K, reserved 1114112K
  class space    used 8034K, committed 8256K, reserved 1048576K
}
Event: 1214.435 GC heap after
{Heap after GC invocations=69 (full 29):
 garbage-first heap   total 241664K, used 56577K [0x00000000c0000000, 0x0000000100000000)
  region size 1024K, 3 young (3072K), 3 survivors (3072K)
 Metaspace       used 65114K, committed 65600K, reserved 1114112K
  class space    used 8034K, committed 8256K, reserved 1048576K
}
Event: 1317.504 GC heap before
{Heap before GC invocations=70 (full 29):
 garbage-first heap   total 211968K, used 146689K [0x00000000c0000000, 0x0000000100000000)
  region size 1024K, 92 young (94208K), 3 survivors (3072K)
 Metaspace       used 65454K, committed 66048K, reserved 1114112K
  class space    used 8086K, committed 8384K, reserved 1048576K
}
Event: 1317.517 GC heap after
{Heap after GC invocations=71 (full 29):
 garbage-first heap   total 211968K, used 55818K [0x00000000c0000000, 0x0000000100000000)
  region size 1024K, 3 young (3072K), 3 survivors (3072K)
 Metaspace       used 65454K, committed 66048K, reserved 1114112K
  class space    used 8086K, committed 8384K, reserved 1048576K
}
Event: 1321.775 GC heap before
{Heap before GC invocations=71 (full 29):
 garbage-first heap   total 211968K, used 62986K [0x00000000c0000000, 0x0000000100000000)
  region size 1024K, 10 young (10240K), 3 survivors (3072K)
 Metaspace       used 65478K, committed 66112K, reserved 1114112K
  class space    used 8088K, committed 8384K, reserved 1048576K
}
Event: 1321.782 GC heap after
{Heap after GC invocations=72 (full 29):
 garbage-first heap   total 211968K, used 55021K [0x00000000c0000000, 0x0000000100000000)
  region size 1024K, 1 young (1024K), 1 survivors (1024K)
 Metaspace       used 65478K, committed 66112K, reserved 1114112K
  class space    used 8088K, committed 8384K, reserved 1048576K
}
Event: 1383.781 GC heap before
{Heap before GC invocations=72 (full 29):
 garbage-first heap   total 211968K, used 162541K [0x00000000c0000000, 0x0000000100000000)
  region size 1024K, 106 young (108544K), 1 survivors (1024K)
 Metaspace       used 65526K, committed 66112K, reserved 1114112K
  class space    used 8095K, committed 8384K, reserved 1048576K
}
Event: 1383.785 GC heap after
{Heap after GC invocations=73 (full 29):
 garbage-first heap   total 211968K, used 55346K [0x00000000c0000000, 0x0000000100000000)
  region size 1024K, 2 young (2048K), 2 survivors (2048K)
 Metaspace       used 65526K, committed 66112K, reserved 1114112K
  class space    used 8095K, committed 8384K, reserved 1048576K
}
Event: 1426.489 GC heap before
{Heap before GC invocations=74 (full 29):
 garbage-first heap   total 211968K, used 62514K [0x00000000c0000000, 0x0000000100000000)
  region size 1024K, 10 young (10240K), 2 survivors (2048K)
 Metaspace       used 65381K, committed 66112K, reserved 1114112K
  class space    used 8068K, committed 8384K, reserved 1048576K
}
Event: 1426.583 GC heap after
{Heap after GC invocations=75 (full 30):
 garbage-first heap   total 163840K, used 46050K [0x00000000c0000000, 0x0000000100000000)
  region size 1024K, 0 young (0K), 0 survivors (0K)
 Metaspace       used 65381K, committed 66112K, reserved 1114112K
  class space    used 8068K, committed 8384K, reserved 1048576K
}
Event: 1436.664 GC heap before
{Heap before GC invocations=75 (full 30):
 garbage-first heap   total 163840K, used 46050K [0x00000000c0000000, 0x0000000100000000)
  region size 1024K, 1 young (1024K), 0 survivors (0K)
 Metaspace       used 65381K, committed 66112K, reserved 1114112K
  class space    used 8068K, committed 8384K, reserved 1048576K
}
Event: 1436.771 GC heap after
{Heap after GC invocations=76 (full 31):
 garbage-first heap   total 157696K, used 46050K [0x00000000c0000000, 0x0000000100000000)
  region size 1024K, 0 young (0K), 0 survivors (0K)
 Metaspace       used 65381K, committed 66112K, reserved 1114112K
  class space    used 8068K, committed 8384K, reserved 1048576K
}
Event: 1616.894 GC heap before
{Heap before GC invocations=76 (full 31):
 garbage-first heap   total 157696K, used 112610K [0x00000000c0000000, 0x0000000100000000)
  region size 1024K, 67 young (68608K), 0 survivors (0K)
 Metaspace       used 65387K, committed 66112K, reserved 1114112K
  class space    used 8069K, committed 8384K, reserved 1048576K
}
Event: 1617.007 GC heap after
{Heap after GC invocations=77 (full 32):
 garbage-first heap   total 157696K, used 45245K [0x00000000c0000000, 0x0000000100000000)
  region size 1024K, 0 young (0K), 0 survivors (0K)
 Metaspace       used 65384K, committed 66112K, reserved 1114112K
  class space    used 8068K, committed 8384K, reserved 1048576K
}
Event: 1627.104 GC heap before
{Heap before GC invocations=77 (full 32):
 garbage-first heap   total 157696K, used 45245K [0x00000000c0000000, 0x0000000100000000)
  region size 1024K, 1 young (1024K), 0 survivors (0K)
 Metaspace       used 65384K, committed 66112K, reserved 1114112K
  class space    used 8068K, committed 8384K, reserved 1048576K
}
Event: 1627.225 GC heap after
{Heap after GC invocations=78 (full 33):
 garbage-first heap   total 153600K, used 44661K [0x00000000c0000000, 0x0000000100000000)
  region size 1024K, 0 young (0K), 0 survivors (0K)
 Metaspace       used 65344K, committed 66112K, reserved 1114112K
  class space    used 8062K, committed 8384K, reserved 1048576K
}
Event: 1667.865 GC heap before
{Heap before GC invocations=78 (full 33):
 garbage-first heap   total 153600K, used 44661K [0x00000000c0000000, 0x0000000100000000)
  region size 1024K, 1 young (1024K), 0 survivors (0K)
 Metaspace       used 65344K, committed 66112K, reserved 1114112K
  class space    used 8062K, committed 8384K, reserved 1048576K
}

